2024-11-15 10:02 +07:00: Authorization error: TypeError: knex is not a function
    at checkRolePermission (/Users/beni/Documents/work/pakTantan/upload/questionnaire-api/middlewares/rbacMiddleware.js:29:28)
    at Layer.handle [as handle_request] (/Users/beni/Documents/work/pakTantan/upload/questionnaire-api/node_modules/express/lib/router/layer.js:95:5)
    at next (/Users/beni/Documents/work/pakTantan/upload/questionnaire-api/node_modules/express/lib/router/route.js:149:13)
    at Route.dispatch (/Users/beni/Documents/work/pakTantan/upload/questionnaire-api/node_modules/express/lib/router/route.js:119:3)
    at Layer.handle [as handle_request] (/Users/beni/Documents/work/pakTantan/upload/questionnaire-api/node_modules/express/lib/router/layer.js:95:5)
    at /Users/beni/Documents/work/pakTantan/upload/questionnaire-api/node_modules/express/lib/router/index.js:284:15
    at Function.process_params (/Users/beni/Documents/work/pakTantan/upload/questionnaire-api/node_modules/express/lib/router/index.js:346:12)
    at next (/Users/beni/Documents/work/pakTantan/upload/questionnaire-api/node_modules/express/lib/router/index.js:280:10)
    at Function.handle (/Users/beni/Documents/work/pakTantan/upload/questionnaire-api/node_modules/express/lib/router/index.js:175:3)
    at router (/Users/beni/Documents/work/pakTantan/upload/questionnaire-api/node_modules/express/lib/router/index.js:47:12)
2024-11-15 10:02 +07:00: Authorization error: TypeError: knex is not a function
    at checkRolePermission (/Users/beni/Documents/work/pakTantan/upload/questionnaire-api/middlewares/rbacMiddleware.js:29:28)
    at Layer.handle [as handle_request] (/Users/beni/Documents/work/pakTantan/upload/questionnaire-api/node_modules/express/lib/router/layer.js:95:5)
    at next (/Users/beni/Documents/work/pakTantan/upload/questionnaire-api/node_modules/express/lib/router/route.js:149:13)
    at Route.dispatch (/Users/beni/Documents/work/pakTantan/upload/questionnaire-api/node_modules/express/lib/router/route.js:119:3)
    at Layer.handle [as handle_request] (/Users/beni/Documents/work/pakTantan/upload/questionnaire-api/node_modules/express/lib/router/layer.js:95:5)
    at /Users/beni/Documents/work/pakTantan/upload/questionnaire-api/node_modules/express/lib/router/index.js:284:15
    at Function.process_params (/Users/beni/Documents/work/pakTantan/upload/questionnaire-api/node_modules/express/lib/router/index.js:346:12)
    at next (/Users/beni/Documents/work/pakTantan/upload/questionnaire-api/node_modules/express/lib/router/index.js:280:10)
    at Function.handle (/Users/beni/Documents/work/pakTantan/upload/questionnaire-api/node_modules/express/lib/router/index.js:175:3)
    at router (/Users/beni/Documents/work/pakTantan/upload/questionnaire-api/node_modules/express/lib/router/index.js:47:12)
2024-11-15 10:02 +07:00: Authorization error: TypeError: knex is not a function
    at checkRolePermission (/Users/beni/Documents/work/pakTantan/upload/questionnaire-api/middlewares/rbacMiddleware.js:29:28)
    at Layer.handle [as handle_request] (/Users/beni/Documents/work/pakTantan/upload/questionnaire-api/node_modules/express/lib/router/layer.js:95:5)
    at next (/Users/beni/Documents/work/pakTantan/upload/questionnaire-api/node_modules/express/lib/router/route.js:149:13)
    at Route.dispatch (/Users/beni/Documents/work/pakTantan/upload/questionnaire-api/node_modules/express/lib/router/route.js:119:3)
    at Layer.handle [as handle_request] (/Users/beni/Documents/work/pakTantan/upload/questionnaire-api/node_modules/express/lib/router/layer.js:95:5)
    at /Users/beni/Documents/work/pakTantan/upload/questionnaire-api/node_modules/express/lib/router/index.js:284:15
    at Function.process_params (/Users/beni/Documents/work/pakTantan/upload/questionnaire-api/node_modules/express/lib/router/index.js:346:12)
    at next (/Users/beni/Documents/work/pakTantan/upload/questionnaire-api/node_modules/express/lib/router/index.js:280:10)
    at Function.handle (/Users/beni/Documents/work/pakTantan/upload/questionnaire-api/node_modules/express/lib/router/index.js:175:3)
    at router (/Users/beni/Documents/work/pakTantan/upload/questionnaire-api/node_modules/express/lib/router/index.js:47:12)
2024-11-15 10:03 +07:00: Authorization error: TypeError: knex is not a function
    at checkRolePermission (/Users/beni/Documents/work/pakTantan/upload/questionnaire-api/middlewares/rbacMiddleware.js:29:28)
    at Layer.handle [as handle_request] (/Users/beni/Documents/work/pakTantan/upload/questionnaire-api/node_modules/express/lib/router/layer.js:95:5)
    at next (/Users/beni/Documents/work/pakTantan/upload/questionnaire-api/node_modules/express/lib/router/route.js:149:13)
    at Route.dispatch (/Users/beni/Documents/work/pakTantan/upload/questionnaire-api/node_modules/express/lib/router/route.js:119:3)
    at Layer.handle [as handle_request] (/Users/beni/Documents/work/pakTantan/upload/questionnaire-api/node_modules/express/lib/router/layer.js:95:5)
    at /Users/beni/Documents/work/pakTantan/upload/questionnaire-api/node_modules/express/lib/router/index.js:284:15
    at Function.process_params (/Users/beni/Documents/work/pakTantan/upload/questionnaire-api/node_modules/express/lib/router/index.js:346:12)
    at next (/Users/beni/Documents/work/pakTantan/upload/questionnaire-api/node_modules/express/lib/router/index.js:280:10)
    at Function.handle (/Users/beni/Documents/work/pakTantan/upload/questionnaire-api/node_modules/express/lib/router/index.js:175:3)
    at router (/Users/beni/Documents/work/pakTantan/upload/questionnaire-api/node_modules/express/lib/router/index.js:47:12)
2024-11-15 17:00 +07:00: Here's the report: 


 Error in ./controllers/mbtiController.js :
YAMLSemanticError: Implicit map keys need to be on a single line at line 1, column 1:

/mbti/questions 
^^^^^^^^^^^^^^^^…

2024-11-15 17:01 +07:00: Here's the report: 


 Error in ./controllers/mbtiController.js :
YAMLSyntaxError: All collection items must start at the same column at line 1, column 1:

/mbti/questions: 
^^^^^^^^^^^^^^^^^…

YAMLSemanticError: Nested mappings are not allowed in compact mappings at line 5, column 12:

  summary: Retrieve all MBTI-related questions.
           ^^^^^^^^^^^^^^^^^^^^^^^^^^^^^^^^^^^^…

YAMLSemanticError: Implicit map keys need to be on a single line at line 5, column 12:

  summary: Retrieve all MBTI-related questions.
           ^^^^^^^^^^^^^^^^^^^^^^^^^^^^^^^^^^^^…

2024-11-15 17:04 +07:00: Here's the report: 


 Error in ./controllers/mbtiController.js :
YAMLSyntaxError: All collection items must start at the same column at line 10, column 10:

         200:
         ^^^^…

YAMLSemanticError: Map keys must be unique; "type" is repeated at line 15, column 26:

                         type: array
                         ^^^^^^^^^^^…

2024-11-15 17:09 +07:00: Here's the report: 


 Error in ./controllers/dssController.js :
YAMLSyntaxError: All collection items must start at the same column at line 2, column 3:

  post:
  ^^^^^…

YAMLSemanticError: Nested mappings are not allowed in compact mappings at line 5, column 14:

    summary: Perform analysis on submitted answers
             ^^^^^^^^^^^^^^^^^^^^^^^^^^^^^^^^^^^^^…

YAMLSemanticError: Implicit map keys need to be on a single line at line 5, column 14:

    summary: Perform analysis on submitted answers
             ^^^^^^^^^^^^^^^^^^^^^^^^^^^^^^^^^^^^^…
,Error in ./controllers/mbtiController.js :
YAMLSyntaxError: All collection items must start at the same column at line 10, column 10:

         200:
         ^^^^…

YAMLSemanticError: Map keys must be unique; "type" is repeated at line 15, column 26:

                         type: array
                         ^^^^^^^^^^^…

2024-11-15 22:00 +07:00: Here's the report: 


 Error in ./controllers/dssController.js :
YAMLSyntaxError: All collection items must start at the same column at line 2, column 3:

  post:
  ^^^^^…

YAMLSemanticError: Nested mappings are not allowed in compact mappings at line 5, column 14:

    summary: Perform analysis on submitted answers
             ^^^^^^^^^^^^^^^^^^^^^^^^^^^^^^^^^^^^^…

YAMLSemanticError: Implicit map keys need to be on a single line at line 5, column 14:

    summary: Perform analysis on submitted answers
             ^^^^^^^^^^^^^^^^^^^^^^^^^^^^^^^^^^^^^…
,Error in ./controllers/mbtiController.js :
YAMLSyntaxError: All collection items must start at the same column at line 10, column 10:

         200:
         ^^^^…

YAMLSemanticError: Map keys must be unique; "type" is repeated at line 15, column 26:

                         type: array
                         ^^^^^^^^^^^…

2024-11-15 23:42 +07:00: Here's the report: 


 Error in ./controllers/dssController.js :
YAMLSyntaxError: All collection items must start at the same column at line 2, column 3:

  post:
  ^^^^^…

YAMLSemanticError: Nested mappings are not allowed in compact mappings at line 5, column 14:

    summary: Perform analysis on submitted answers
             ^^^^^^^^^^^^^^^^^^^^^^^^^^^^^^^^^^^^^…

YAMLSemanticError: Implicit map keys need to be on a single line at line 5, column 14:

    summary: Perform analysis on submitted answers
             ^^^^^^^^^^^^^^^^^^^^^^^^^^^^^^^^^^^^^…
,Error in ./controllers/mbtiController.js :
YAMLSyntaxError: All collection items must start at the same column at line 10, column 10:

         200:
         ^^^^…

YAMLSemanticError: Map keys must be unique; "type" is repeated at line 15, column 26:

                         type: array
                         ^^^^^^^^^^^…

2024-11-16 00:52 +07:00: Here's the report: 


 Error in ./controllers/dssController.js :
YAMLSyntaxError: All collection items must start at the same column at line 2, column 3:

  post:
  ^^^^^…

YAMLSemanticError: Nested mappings are not allowed in compact mappings at line 5, column 14:

    summary: Perform analysis on submitted answers
             ^^^^^^^^^^^^^^^^^^^^^^^^^^^^^^^^^^^^^…

YAMLSemanticError: Implicit map keys need to be on a single line at line 5, column 14:

    summary: Perform analysis on submitted answers
             ^^^^^^^^^^^^^^^^^^^^^^^^^^^^^^^^^^^^^…

2024-11-16 00:53 +07:00: Here's the report: 


 Error in ./controllers/dssController.js :
YAMLSyntaxError: All collection items must start at the same column at line 2, column 3:

  post:
  ^^^^^…

YAMLSemanticError: Nested mappings are not allowed in compact mappings at line 5, column 14:

    summary: Perform analysis on submitted answers
             ^^^^^^^^^^^^^^^^^^^^^^^^^^^^^^^^^^^^^…

YAMLSemanticError: Implicit map keys need to be on a single line at line 5, column 14:

    summary: Perform analysis on submitted answers
             ^^^^^^^^^^^^^^^^^^^^^^^^^^^^^^^^^^^^^…

2024-11-16 00:53 +07:00: Here's the report: 


 Error in ./controllers/dssController.js :
YAMLSyntaxError: All collection items must start at the same column at line 2, column 3:

  post:
  ^^^^^…

YAMLSemanticError: Nested mappings are not allowed in compact mappings at line 5, column 14:

    summary: Perform analysis on submitted answers
             ^^^^^^^^^^^^^^^^^^^^^^^^^^^^^^^^^^^^^…

YAMLSemanticError: Implicit map keys need to be on a single line at line 5, column 14:

    summary: Perform analysis on submitted answers
             ^^^^^^^^^^^^^^^^^^^^^^^^^^^^^^^^^^^^^…

2024-11-16 00:55 +07:00: Here's the report: 


 Error in ./controllers/mbtiController.js :
YAMLSemanticError: Map keys must be unique; "security" is repeated at line 3, column 5:

    security:
    ^^^^^^^^^…

2024-11-16 00:55 +07:00: Here's the report: 


 Error in ./controllers/mbtiController.js :
YAMLSemanticError: Map keys must be unique; "security" is repeated at line 3, column 5:

    security:
    ^^^^^^^^^…

2024-11-16 00:56 +07:00: Here's the report: 


 Error in ./controllers/mbtiController.js :
YAMLSemanticError: Map keys must be unique; "security" is repeated at line 3, column 5:

    security:
    ^^^^^^^^^…

2024-11-16 00:56 +07:00: Here's the report: 


 Error in ./controllers/mbtiController.js :
YAMLSemanticError: Map keys must be unique; "security" is repeated at line 3, column 5:

    security:
    ^^^^^^^^^…

2024-11-16 00:56 +07:00: Here's the report: 


 Error in ./controllers/mbtiController.js :
YAMLSemanticError: Map keys must be unique; "security" is repeated at line 3, column 5:

    security:
    ^^^^^^^^^…

2024-11-16 00:56 +07:00: Here's the report: 


 Error in ./controllers/mbtiController.js :
YAMLSemanticError: Map keys must be unique; "security" is repeated at line 3, column 5:

    security:
    ^^^^^^^^^…

2024-11-16 00:56 +07:00: Here's the report: 


 Error in ./controllers/mbtiController.js :
YAMLSemanticError: Map keys must be unique; "security" is repeated at line 3, column 5:

    security:
    ^^^^^^^^^…

2024-11-16 01:00 +07:00: Here's the report: 


 Error in ./controllers/mbtiController.js :
YAMLSemanticError: Map keys must be unique; "security" is repeated at line 3, column 5:

    security:
    ^^^^^^^^^…

2024-11-16 01:01 +07:00: Here's the report: 


 Error in ./controllers/mbtiController.js :
YAMLSemanticError: Map keys must be unique; "security" is repeated at line 3, column 5:

    security:
    ^^^^^^^^^…

2024-11-16 01:08 +07:00: Here's the report: 


 Error in ./controllers/mbtiController.js :
YAMLSemanticError: Map keys must be unique; "security" is repeated at line 3, column 5:

    security:
    ^^^^^^^^^…

2024-11-16 01:11 +07:00: Here's the report: 


 Error in ./controllers/mbtiController.js :
YAMLSemanticError: Map keys must be unique; "security" is repeated at line 3, column 5:

    security:
    ^^^^^^^^^…

2024-11-16 01:12 +07:00: Here's the report: 


 Error in ./controllers/mbtiController.js :
YAMLSemanticError: Map keys must be unique; "security" is repeated at line 3, column 5:

    security:
    ^^^^^^^^^…

2024-11-16 01:13 +07:00: Here's the report: 


 Error in ./controllers/mbtiController.js :
YAMLSemanticError: Map keys must be unique; "security" is repeated at line 3, column 5:

    security:
    ^^^^^^^^^…

2024-11-16 01:14 +07:00: Here's the report: 


 Error in ./controllers/mbtiController.js :
YAMLSemanticError: Map keys must be unique; "security" is repeated at line 3, column 5:

    security:
    ^^^^^^^^^…

2024-11-16 01:14 +07:00: Here's the report: 


 Error in ./controllers/mbtiController.js :
YAMLSemanticError: Map keys must be unique; "security" is repeated at line 3, column 5:

    security:
    ^^^^^^^^^…

2024-11-16 01:15 +07:00: Here's the report: 


 Error in ./controllers/mbtiController.js :
YAMLSemanticError: Map keys must be unique; "security" is repeated at line 3, column 5:

    security:
    ^^^^^^^^^…

2024-11-16 01:15 +07:00: Here's the report: 


 Error in ./controllers/mbtiController.js :
YAMLSemanticError: Map keys must be unique; "security" is repeated at line 3, column 5:

    security:
    ^^^^^^^^^…

2024-11-16 01:16 +07:00: Here's the report: 


 Error in ./controllers/mbtiController.js :
YAMLSemanticError: Map keys must be unique; "security" is repeated at line 3, column 5:

    security:
    ^^^^^^^^^…

2024-11-16 01:16 +07:00: Here's the report: 


 Error in ./controllers/mbtiController.js :
YAMLSemanticError: Map keys must be unique; "security" is repeated at line 3, column 5:

    security:
    ^^^^^^^^^…

2024-11-16 01:17 +07:00: Here's the report: 


 Error in ./controllers/mbtiController.js :
YAMLSemanticError: Map keys must be unique; "security" is repeated at line 3, column 5:

    security:
    ^^^^^^^^^…

2024-11-16 01:17 +07:00: Authorization error: ReferenceError: endpoint_id is not defined
    at checkRolePermission (/Users/beni/Documents/work/pakTantan/upload/questionnaire-api/middlewares/rbacMiddleware.js:44:43)
    at process.processTicksAndRejections (node:internal/process/task_queues:95:5)
2024-11-16 01:17 +07:00: Here's the report: 


 Error in ./controllers/mbtiController.js :
YAMLSemanticError: Map keys must be unique; "security" is repeated at line 3, column 5:

    security:
    ^^^^^^^^^…

2024-11-16 01:20 +07:00: Here's the report: 


 Error in ./controllers/mbtiController.js :
YAMLSemanticError: Map keys must be unique; "security" is repeated at line 3, column 5:

    security:
    ^^^^^^^^^…

2024-11-16 08:19 +07:00: Here's the report: 


 Error in ./controllers/mbtiController.js :
YAMLSemanticError: Map keys must be unique; "security" is repeated at line 3, column 5:

    security:
    ^^^^^^^^^…

2024-11-16 08:20 +07:00: Here's the report: 


 Error in ./controllers/mbtiController.js :
YAMLSemanticError: Map keys must be unique; "security" is repeated at line 3, column 5:

    security:
    ^^^^^^^^^…

2024-11-16 08:21 +07:00: Here's the report: 


 Error in ./controllers/mbtiController.js :
YAMLSemanticError: Map keys must be unique; "security" is repeated at line 3, column 5:

    security:
    ^^^^^^^^^…

2024-11-16 08:21 +07:00: Here's the report: 


 Error in ./controllers/mbtiController.js :
YAMLSemanticError: Map keys must be unique; "security" is repeated at line 3, column 5:

    security:
    ^^^^^^^^^…

2024-11-16 08:22 +07:00: Here's the report: 


 Error in ./controllers/mbtiController.js :
YAMLSemanticError: Map keys must be unique; "security" is repeated at line 3, column 5:

    security:
    ^^^^^^^^^…

2024-11-16 08:22 +07:00: Here's the report: 


 Error in ./controllers/mbtiController.js :
YAMLSemanticError: Map keys must be unique; "security" is repeated at line 3, column 5:

    security:
    ^^^^^^^^^…

2024-11-16 08:22 +07:00: Here's the report: 


 Error in ./controllers/mbtiController.js :
YAMLSemanticError: Map keys must be unique; "security" is repeated at line 3, column 5:

    security:
    ^^^^^^^^^…

2024-11-16 08:22 +07:00: Here's the report: 


 Error in ./controllers/mbtiController.js :
YAMLSemanticError: Map keys must be unique; "security" is repeated at line 3, column 5:

    security:
    ^^^^^^^^^…

2024-11-16 08:23 +07:00: Here's the report: 


 Error in ./controllers/mbtiController.js :
YAMLSemanticError: Map keys must be unique; "security" is repeated at line 3, column 5:

    security:
    ^^^^^^^^^…

2024-11-16 08:23 +07:00: Here's the report: 


 Error in ./controllers/mbtiController.js :
YAMLSemanticError: Map keys must be unique; "security" is repeated at line 3, column 5:

    security:
    ^^^^^^^^^…

2024-11-16 08:23 +07:00: Here's the report: 


 Error in ./controllers/mbtiController.js :
YAMLSemanticError: Map keys must be unique; "security" is repeated at line 3, column 5:

    security:
    ^^^^^^^^^…

2024-11-16 08:26 +07:00: Here's the report: 


 Error in ./controllers/mbtiController.js :
YAMLSemanticError: Map keys must be unique; "security" is repeated at line 3, column 5:

    security:
    ^^^^^^^^^…

2024-11-16 08:28 +07:00: Here's the report: 


 Error in ./controllers/mbtiController.js :
YAMLSemanticError: Map keys must be unique; "security" is repeated at line 3, column 5:

    security:
    ^^^^^^^^^…

2024-11-16 08:29 +07:00: Here's the report: 


 Error in ./controllers/mbtiController.js :
YAMLSemanticError: Map keys must be unique; "security" is repeated at line 3, column 5:

    security:
    ^^^^^^^^^…

