2024-11-15 01:35 +07:00: Server running on port 3000
2024-11-15 01:36 +07:00: Server running on port 3000
2024-11-15 01:37 +07:00: Server running on port 3000
2024-11-15 01:38 +07:00: Server running on port 3000
2024-11-15 01:38 +07:00: Server running on port 3000
2024-11-15 08:44 +07:00: Server running on port 3000
2024-11-15 08:45 +07:00: Server running on port 3000
2024-11-15 08:45 +07:00: Server running on port 3000
2024-11-15 08:46 +07:00: Server running on port 3000
2024-11-15 08:46 +07:00: Server running on port 3000
2024-11-15 08:46 +07:00: Server running on port 3000
2024-11-15 08:46 +07:00: Server running on port 3000
2024-11-15 08:47 +07:00: Server running on port 3000
2024-11-15 08:48 +07:00: Server running on port 3000
2024-11-15 08:48 +07:00: Server running on port 3000
2024-11-15 08:49 +07:00: Server running on port 3000
2024-11-15 08:49 +07:00: Server running on port 3000
2024-11-15 08:49 +07:00: Server running on port 3000
2024-11-15 08:50 +07:00: Server running on port 3000
2024-11-15 08:50 +07:00: Server running on port 3000
2024-11-15 08:50 +07:00: Server running on port 3000
2024-11-15 08:50 +07:00: Server running on port 3000
2024-11-15 08:50 +07:00: Server running on port 3000
2024-11-15 08:50 +07:00: Server running on port 3000
2024-11-15 08:51 +07:00: Server running on port 3000
2024-11-15 08:51 +07:00: Server running on port 3000
2024-11-15 08:51 +07:00: Server running on port 3000
2024-11-15 08:54 +07:00: Server running on port 3000
2024-11-15 08:54 +07:00: Server running on port 3000
2024-11-15 08:54 +07:00: Server running on port 3000
2024-11-15 08:54 +07:00: Server running on port 3000
2024-11-15 08:54 +07:00: Server running on port 3000
2024-11-15 08:55 +07:00: Server running on port 3000
2024-11-15 08:55 +07:00: Server running on port 3000
2024-11-15 08:56 +07:00: Server running on port 3000
2024-11-15 08:57 +07:00: Server running on port 3000
2024-11-15 08:58 +07:00: Server running on port 3000
2024-11-15 08:58 +07:00: Server running on port 3000
2024-11-15 09:01 +07:00: Server running on port 3000
2024-11-15 09:01 +07:00: Server running on port 3000
2024-11-15 09:02 +07:00: Server running on port 3000
2024-11-15 09:08 +07:00: Server running on port 3000
2024-11-15 09:09 +07:00: Server running on port 3000
2024-11-15 09:10 +07:00: Server running on port 3000
2024-11-15 09:11 +07:00: Server running on port 3000
2024-11-15 09:14 +07:00: Server running on port 3000
2024-11-15 09:14 +07:00: Server running on port 3000
2024-11-15 09:32 +07:00: Server running on port 3000
2024-11-15 09:35 +07:00: Server running on port 3000
2024-11-15 09:37 +07:00: Server running on port 3000
2024-11-15 09:38 +07:00: Server running on port 3000
2024-11-15 09:39 +07:00: Server running on port 3000
2024-11-15 09:40 +07:00: Server running on port 3000
2024-11-15 09:41 +07:00: Server running on port 3000
2024-11-15 09:41 +07:00: Server running on port 3000
2024-11-15 09:41 +07:00: Server running on port 3000
2024-11-15 09:45 +07:00: Server running on port 3000
2024-11-15 09:45 +07:00: Server running on port 3000
2024-11-15 09:45 +07:00: Server running on port 3000
2024-11-15 09:46 +07:00: Server running on port 3000
2024-11-15 09:47 +07:00: Server running on port 3000
2024-11-15 09:48 +07:00: Server running on port 3000
2024-11-15 09:49 +07:00: Server running on port 3000
2024-11-15 09:50 +07:00: Server running on port 3000
2024-11-15 09:57 +07:00: Server running on port 3000
2024-11-15 09:57 +07:00: Server running on port 3000
2024-11-15 09:59 +07:00: Server running on port 3000
2024-11-15 10:00 +07:00: Server running on port 3000
2024-11-15 10:02 +07:00: Server running on port 3000
2024-11-15 10:03 +07:00: Server running on port 3000
2024-11-15 10:03 +07:00: Server running on port 3000
2024-11-15 10:03 +07:00: Server running on port 3000
2024-11-15 16:51 +07:00: Server running on port 3000
2024-11-15 16:52 +07:00: Server running on port 3000
2024-11-15 16:52 +07:00: Server running on port 3000
2024-11-15 16:53 +07:00: Server running on port 3000
2024-11-15 16:55 +07:00: Server running on port 3000
2024-11-15 16:56 +07:00: Server running on port 3000
2024-11-15 16:56 +07:00: Server running on port 3000
2024-11-15 17:00 +07:00: Not all input has been taken into account at your final specification.
2024-11-15 17:00 +07:00: Server running on port 3000
2024-11-15 17:00 +07:00: Server running on port 3000
2024-11-15 17:01 +07:00: Not all input has been taken into account at your final specification.
2024-11-15 17:01 +07:00: Server running on port 3000
2024-11-15 17:04 +07:00: Not all input has been taken into account at your final specification.
2024-11-15 17:04 +07:00: Server running on port 3000
2024-11-15 17:09 +07:00: Not all input has been taken into account at your final specification.
2024-11-15 17:09 +07:00: Server running on port 3000
2024-11-15 22:00 +07:00: Not all input has been taken into account at your final specification.
2024-11-15 22:00 +07:00: Server running on port 3000
2024-11-15 23:42 +07:00: Not all input has been taken into account at your final specification.
2024-11-15 23:42 +07:00: Server running on port 3000
2024-11-16 00:52 +07:00: Not all input has been taken into account at your final specification.
2024-11-16 00:52 +07:00: Server running on port 3000
2024-11-16 00:53 +07:00: Not all input has been taken into account at your final specification.
2024-11-16 00:53 +07:00: Server running on port 3000
2024-11-16 00:53 +07:00: Not all input has been taken into account at your final specification.
2024-11-16 00:53 +07:00: Server running on port 3000
2024-11-16 00:54 +07:00: Server running on port 3000
2024-11-16 00:55 +07:00: Server running on port 3000
2024-11-16 00:55 +07:00: Server running on port 3000
2024-11-16 00:55 +07:00: Server running on port 3000
2024-11-16 00:55 +07:00: Not all input has been taken into account at your final specification.
2024-11-16 00:55 +07:00: Server running on port 3000
2024-11-16 00:55 +07:00: Not all input has been taken into account at your final specification.
2024-11-16 00:55 +07:00: Server running on port 3000
2024-11-16 00:56 +07:00: Not all input has been taken into account at your final specification.
2024-11-16 00:56 +07:00: Server running on port 3000
2024-11-16 00:56 +07:00: Not all input has been taken into account at your final specification.
2024-11-16 00:56 +07:00: Server running on port 3000
2024-11-16 00:56 +07:00: Not all input has been taken into account at your final specification.
2024-11-16 00:56 +07:00: Server running on port 3000
2024-11-16 00:56 +07:00: Not all input has been taken into account at your final specification.
2024-11-16 00:56 +07:00: Server running on port 3000
2024-11-16 00:56 +07:00: Not all input has been taken into account at your final specification.
2024-11-16 00:56 +07:00: Server running on port 3000
2024-11-16 01:00 +07:00: Not all input has been taken into account at your final specification.
2024-11-16 01:00 +07:00: Server running on port 3000
2024-11-16 01:01 +07:00: Not all input has been taken into account at your final specification.
2024-11-16 01:01 +07:00: Server running on port 3000
2024-11-16 01:08 +07:00: Not all input has been taken into account at your final specification.
2024-11-16 01:08 +07:00: Server running on port 3000
2024-11-16 01:11 +07:00: Not all input has been taken into account at your final specification.
2024-11-16 01:11 +07:00: Server running on port 3000
2024-11-16 01:11 +07:00: originalUrl /mbti/questions
2024-11-16 01:12 +07:00: Not all input has been taken into account at your final specification.
2024-11-16 01:12 +07:00: Server running on port 3000
2024-11-16 01:12 +07:00: originalUrl undefined
2024-11-16 01:13 +07:00: Not all input has been taken into account at your final specification.
2024-11-16 01:13 +07:00: Server running on port 3000
2024-11-16 01:13 +07:00: originalUrl /mbti/questions-GET undefined
2024-11-16 01:14 +07:00: Not all input has been taken into account at your final specification.
2024-11-16 01:14 +07:00: Server running on port 3000
2024-11-16 01:14 +07:00: Not all input has been taken into account at your final specification.
2024-11-16 01:14 +07:00: Server running on port 3000
2024-11-16 01:14 +07:00: originalUrl /mbti/questions-GET [object Object]
2024-11-16 01:15 +07:00: Not all input has been taken into account at your final specification.
2024-11-16 01:15 +07:00: Server running on port 3000
2024-11-16 01:15 +07:00: Not all input has been taken into account at your final specification.
2024-11-16 01:15 +07:00: Server running on port 3000
2024-11-16 01:15 +07:00: originalUrl /mbti/questions-GET [object Object] undefined
2024-11-16 01:16 +07:00: Not all input has been taken into account at your final specification.
2024-11-16 01:16 +07:00: Server running on port 3000
2024-11-16 01:16 +07:00: originalUrl 1 12
2024-11-16 01:16 +07:00: Not all input has been taken into account at your final specification.
2024-11-16 01:16 +07:00: Server running on port 3000
2024-11-16 01:16 +07:00: originalUrl undefined
2024-11-16 01:17 +07:00: Not all input has been taken into account at your final specification.
2024-11-16 01:17 +07:00: Server running on port 3000
2024-11-16 01:17 +07:00: Not all input has been taken into account at your final specification.
2024-11-16 01:17 +07:00: Server running on port 3000
2024-11-16 01:17 +07:00: originalUrl 1-12 : undefined
2024-11-16 01:18 +07:00: originalUrl 4-12 : [object Object]
2024-11-16 01:18 +07:00: originalUrl 4-12 : [object Object]
2024-11-16 01:20 +07:00: Not all input has been taken into account at your final specification.
2024-11-16 01:20 +07:00: Server running on port 3000
2024-11-16 08:19 +07:00: originalUrl 4-12 : [object Object]
2024-11-16 08:19 +07:00: originalUrl 4-12 : [object Object]
2024-11-16 08:19 +07:00: Not all input has been taken into account at your final specification.
2024-11-16 08:19 +07:00: Server running on port 3000
2024-11-16 08:20 +07:00: Not all input has been taken into account at your final specification.
2024-11-16 08:20 +07:00: Server running on port 3000
2024-11-16 08:20 +07:00: originalUrl 4-6 : [object Object]
2024-11-16 08:21 +07:00: Not all input has been taken into account at your final specification.
2024-11-16 08:21 +07:00: Server running on port 3000
2024-11-16 08:21 +07:00: Not all input has been taken into account at your final specification.
2024-11-16 08:21 +07:00: Server running on port 3000
2024-11-16 08:22 +07:00: Not all input has been taken into account at your final specification.
2024-11-16 08:22 +07:00: Server running on port 3000
2024-11-16 08:22 +07:00: Not all input has been taken into account at your final specification.
2024-11-16 08:22 +07:00: Server running on port 3000
2024-11-16 08:22 +07:00: Not all input has been taken into account at your final specification.
2024-11-16 08:22 +07:00: Server running on port 3000
2024-11-16 08:22 +07:00: Not all input has been taken into account at your final specification.
2024-11-16 08:22 +07:00: Server running on port 3000
2024-11-16 08:23 +07:00: Not all input has been taken into account at your final specification.
2024-11-16 08:23 +07:00: Server running on port 3000
2024-11-16 08:23 +07:00: Not all input has been taken into account at your final specification.
2024-11-16 08:23 +07:00: Server running on port 3000
2024-11-16 08:23 +07:00: Not all input has been taken into account at your final specification.
2024-11-16 08:23 +07:00: Server running on port 3000
2024-11-16 08:26 +07:00: Not all input has been taken into account at your final specification.
2024-11-16 08:26 +07:00: Server running on port 3000
2024-11-16 08:27 +07:00: originalUrl 4-4 : [object Object]
2024-11-16 08:28 +07:00: Not all input has been taken into account at your final specification.
2024-11-16 08:28 +07:00: Server running on port 3000
2024-11-16 08:29 +07:00: Not all input has been taken into account at your final specification.
2024-11-16 08:29 +07:00: Server running on port 3000
2024-11-16 08:30 +07:00: Server running on port 3000
2024-11-16 08:30 +07:00: Server running on port 3000
2024-11-16 08:30 +07:00: Server running on port 3000
2024-11-16 08:32 +07:00: Server running on port 3000
2024-11-16 08:33 +07:00: Server running on port 3000
2024-11-16 08:34 +07:00: Server running on port 3000
2024-11-16 08:35 +07:00: Server running on port 3000
2024-11-16 08:35 +07:00: Server running on port 3000
2024-11-16 08:37 +07:00: Server running on port 3000
2024-11-16 08:37 +07:00: originalUrl 10-8 : [object Object]
2024-11-16 08:39 +07:00: originalUrl 10-9 : [object Object]
2024-11-16 08:44 +07:00: Server running on port 3000
2024-11-16 08:47 +07:00: Server running on port 3000
2024-11-16 08:48 +07:00: answer [object Object]
2024-11-16 08:49 +07:00: answer [object Object],[object Object]
2024-11-16 08:49 +07:00: answer [object Object],[object Object]
2024-11-16 08:49 +07:00: answer [object Object],[object Object]
2024-11-16 08:49 +07:00: answer [object Object],[object Object]
2024-11-16 08:49 +07:00: answer [object Object],[object Object]
2024-11-16 08:49 +07:00: answer [object Object],[object Object]
2024-11-16 08:49 +07:00: answer [object Object],[object Object]
2024-11-16 08:49 +07:00: answer [object Object],[object Object]
2024-11-16 08:55 +07:00: Server running on port 3000
2024-11-16 09:05 +07:00: Server running on port 3000
2024-11-16 09:06 +07:00: Server running on port 3000
2024-11-16 09:07 +07:00: Server running on port 3000
2024-11-16 09:07 +07:00: Server running on port 3000
